# JRE version: OpenJDK Runtime Environment Temurin-21.0.3+9 (21.0.3+9) (build 21.0.3+9-LTS)
# Java VM: OpenJDK 64-Bit Server VM Temurin-21.0.3+9 (21.0.3+9-LTS, mixed mode, emulated-client, tiered, compressed oops, compressed class ptrs, g1 gc, windows-amd64)
GC Precious Log:
 CardTable entry size: 512
 Card Set container configuration: InlinePtr #cards 4 size 8 Array Of Cards #cards 16 size 48 Howl #buckets 8 coarsen threshold 3686 Howl Bitmap #cards 512 size 80 coarsen threshold 460 Card regions per heap region 1 cards per card region 4096
 CPUs: 12 total, 12 available
 Memory: 15755M
 Large Page Support: Disabled
 NUMA Support: Disabled
 Compressed Oops: Enabled (Zero based)
 Heap Region Size: 2M
 Heap Min Capacity: 8M
 Heap Initial Capacity: 248M
 Heap Max Capacity: 3940M
 Pre-touch: Disabled
 Parallel Workers: 10
 Concurrent Workers: 3
 Concurrent Refinement Workers: 10
 Periodic GC: Disabled
Heap:
 garbage-first heap   total 75776K, used 60396K [0x0000000709c00000, 0x0000000800000000)
  region size 2048K, 19 young (38912K), 1 survivors (2048K)
 Metaspace       used 63925K, committed 65408K, reserved 1114112K
  class space    used 7839K, committed 8448K, reserved 1048576K
GC Heap History (20 events):
Event: 6584.632 GC heap after
{Heap after GC invocations=166 (full 32):
 garbage-first heap   total 75776K, used 26847K [0x0000000709c00000, 0x0000000800000000)
  region size 2048K, 1 young (2048K), 1 survivors (2048K)
 Metaspace       used 64111K, committed 65408K, reserved 1114112K
  class space    used 7872K, committed 8448K, reserved 1048576K
}
Event: 6671.706 GC heap before
{Heap before GC invocations=166 (full 32):
 garbage-first heap   total 75776K, used 53471K [0x0000000709c00000, 0x0000000800000000)
  region size 2048K, 15 young (30720K), 1 survivors (2048K)
 Metaspace       used 64124K, committed 65408K, reserved 1114112K
  class space    used 7874K, committed 8448K, reserved 1048576K
}
Event: 6671.751 GC heap after
{Heap after GC invocations=167 (full 33):
 garbage-first heap   total 69632K, used 18125K [0x0000000709c00000, 0x0000000800000000)
  region size 2048K, 0 young (0K), 0 survivors (0K)
 Metaspace       used 63262K, committed 65408K, reserved 1114112K
  class space    used 7747K, committed 8448K, reserved 1048576K
}
Event: 6673.674 GC heap before
{Heap before GC invocations=167 (full 33):
 garbage-first heap   total 69632K, used 57037K [0x0000000709c00000, 0x0000000800000000)
  region size 2048K, 20 young (40960K), 0 survivors (0K)
 Metaspace       used 63591K, committed 65408K, reserved 1114112K
  class space    used 7814K, committed 8448K, reserved 1048576K
}
Event: 6673.677 GC heap after
{Heap after GC invocations=168 (full 33):
 garbage-first heap   total 69632K, used 22423K [0x0000000709c00000, 0x0000000800000000)
  region size 2048K, 3 young (6144K), 3 survivors (6144K)
 Metaspace       used 63591K, committed 65408K, reserved 1114112K
  class space    used 7814K, committed 8448K, reserved 1048576K
}
Event: 6673.741 GC heap before
{Heap before GC invocations=168 (full 33):
 garbage-first heap   total 69632K, used 51095K [0x0000000709c00000, 0x0000000800000000)
  region size 2048K, 18 young (36864K), 3 survivors (6144K)
 Metaspace       used 63635K, committed 65408K, reserved 1114112K
  class space    used 7820K, committed 8448K, reserved 1048576K
}
Event: 6673.744 GC heap after
{Heap after GC invocations=169 (full 33):
 garbage-first heap   total 69632K, used 23413K [0x0000000709c00000, 0x0000000800000000)
  region size 2048K, 1 young (2048K), 1 survivors (2048K)
 Metaspace       used 63635K, committed 65408K, reserved 1114112K
  class space    used 7820K, committed 8448K, reserved 1048576K
}
Event: 6673.882 GC heap before
{Heap before GC invocations=169 (full 33):
 garbage-first heap   total 69632K, used 54133K [0x0000000709c00000, 0x0000000800000000)
  region size 2048K, 17 young (34816K), 1 survivors (2048K)
 Metaspace       used 64102K, committed 65408K, reserved 1114112K
  class space    used 7869K, committed 8448K, reserved 1048576K
}
Event: 6673.885 GC heap after
{Heap after GC invocations=170 (full 33):
 garbage-first heap   total 69632K, used 24969K [0x0000000709c00000, 0x0000000800000000)
  region size 2048K, 2 young (4096K), 2 survivors (4096K)
 Metaspace       used 64102K, committed 65408K, reserved 1114112K
  class space    used 7869K, committed 8448K, reserved 1048576K
}
Event: 6726.785 GC heap before
{Heap before GC invocations=170 (full 33):
 garbage-first heap   total 69632K, used 53641K [0x0000000709c00000, 0x0000000800000000)
  region size 2048K, 16 young (32768K), 2 survivors (4096K)
 Metaspace       used 64121K, committed 65408K, reserved 1114112K
  class space    used 7874K, committed 8448K, reserved 1048576K
}
Event: 6726.789 GC heap after
{Heap after GC invocations=171 (full 33):
 garbage-first heap   total 86016K, used 26509K [0x0000000709c00000, 0x0000000800000000)
  region size 2048K, 2 young (4096K), 2 survivors (4096K)
 Metaspace       used 64121K, committed 65408K, reserved 1114112K
  class space    used 7874K, committed 8448K, reserved 1048576K
}
Event: 6871.843 GC heap before
{Heap before GC invocations=171 (full 33):
 garbage-first heap   total 86016K, used 69517K [0x0000000709c00000, 0x0000000800000000)
  region size 2048K, 23 young (47104K), 2 survivors (4096K)
 Metaspace       used 64121K, committed 65408K, reserved 1114112K
  class space    used 7874K, committed 8448K, reserved 1048576K
}
Event: 6871.846 GC heap after
{Heap after GC invocations=172 (full 33):
 garbage-first heap   total 86016K, used 26470K [0x0000000709c00000, 0x0000000800000000)
  region size 2048K, 1 young (2048K), 1 survivors (2048K)
 Metaspace       used 64121K, committed 65408K, reserved 1114112K
  class space    used 7874K, committed 8448K, reserved 1048576K
}
Event: 6905.847 GC heap before
{Heap before GC invocations=172 (full 33):
 garbage-first heap   total 86016K, used 38758K [0x0000000709c00000, 0x0000000800000000)
  region size 2048K, 8 young (16384K), 1 survivors (2048K)
 Metaspace       used 64138K, committed 65408K, reserved 1114112K
  class space    used 7875K, committed 8448K, reserved 1048576K
}
Event: 6905.882 GC heap after
{Heap after GC invocations=173 (full 34):
 garbage-first heap   total 75776K, used 18151K [0x0000000709c00000, 0x0000000800000000)
  region size 2048K, 0 young (0K), 0 survivors (0K)
 Metaspace       used 63277K, committed 65408K, reserved 1114112K
  class space    used 7748K, committed 8448K, reserved 1048576K
}
Event: 6907.823 GC heap before
{Heap before GC invocations=173 (full 34):
 garbage-first heap   total 75776K, used 61159K [0x0000000709c00000, 0x0000000800000000)
  region size 2048K, 21 young (43008K), 0 survivors (0K)
 Metaspace       used 63618K, committed 65408K, reserved 1114112K
  class space    used 7816K, committed 8448K, reserved 1048576K
}
Event: 6907.827 GC heap after
{Heap after GC invocations=174 (full 34):
 garbage-first heap   total 75776K, used 22834K [0x0000000709c00000, 0x0000000800000000)
  region size 2048K, 3 young (6144K), 3 survivors (6144K)
 Metaspace       used 63618K, committed 65408K, reserved 1114112K
  class space    used 7816K, committed 8448K, reserved 1048576K
}
Event: 6907.879 GC heap before
{Heap before GC invocations=174 (full 34):
 garbage-first heap   total 75776K, used 55602K [0x0000000709c00000, 0x0000000800000000)
  region size 2048K, 20 young (40960K), 3 survivors (6144K)
 Metaspace       used 63656K, committed 65408K, reserved 1114112K
  class space    used 7822K, committed 8448K, reserved 1048576K
}
Event: 6907.882 GC heap after
{Heap after GC invocations=175 (full 34):
 garbage-first heap   total 75776K, used 23532K [0x0000000709c00000, 0x0000000800000000)
  region size 2048K, 1 young (2048K), 1 survivors (2048K)
 Metaspace       used 63656K, committed 65408K, reserved 1114112K
  class space    used 7822K, committed 8448K, reserved 1048576K
}
Event: 7008.601 GC heap before
{Heap before GC invocations=175 (full 34):
 garbage-first heap   total 75776K, used 60396K [0x0000000709c00000, 0x0000000800000000)
  region size 2048K, 19 young (38912K), 1 survivors (2048K)
 Metaspace       used 63925K, committed 65408K, reserved 1114112K
  class space    used 7839K, committed 8448K, reserved 1048576K
}

