# JRE version: OpenJDK Runtime Environment Temurin-21.0.3+9 (21.0.3+9) (build 21.0.3+9-LTS)
# Java VM: OpenJDK 64-Bit Server VM Temurin-21.0.3+9 (21.0.3+9-LTS, mixed mode, emulated-client, tiered, compressed oops, compressed class ptrs, g1 gc, windows-amd64)
GC Precious Log:
 CardTable entry size: 512
 Card Set container configuration: InlinePtr #cards 4 size 8 Array Of Cards #cards 16 size 48 Howl #buckets 8 coarsen threshold 3686 Howl Bitmap #cards 512 size 80 coarsen threshold 460 Card regions per heap region 1 cards per card region 4096
 CPUs: 12 total, 12 available
 Memory: 15755M
 Large Page Support: Disabled
 NUMA Support: Disabled
 Compressed Oops: Enabled (Zero based)
 Heap Region Size: 2M
 Heap Min Capacity: 8M
 Heap Initial Capacity: 248M
 Heap Max Capacity: 3940M
 Pre-touch: Disabled
 Parallel Workers: 10
 Concurrent Workers: 3
 Concurrent Refinement Workers: 10
 Periodic GC: Disabled
Heap:
 garbage-first heap   total 81920K, used 69956K [0x0000000709c00000, 0x0000000800000000)
  region size 2048K, 23 young (47104K), 1 survivors (2048K)
 Metaspace       used 63303K, committed 64192K, reserved 1114112K
  class space    used 7727K, committed 8128K, reserved 1048576K
GC Heap History (20 events):
Event: 16.307 GC heap after
{Heap after GC invocations=16 (full 0):
 garbage-first heap   total 86016K, used 24026K [0x0000000709c00000, 0x0000000800000000)
  region size 2048K, 3 young (6144K), 3 survivors (6144K)
 Metaspace       used 54832K, committed 55552K, reserved 1114112K
  class space    used 6671K, committed 7040K, reserved 1048576K
}
Event: 16.624 GC heap before
{Heap before GC invocations=16 (full 0):
 garbage-first heap   total 86016K, used 58842K [0x0000000709c00000, 0x0000000800000000)
  region size 2048K, 22 young (45056K), 3 survivors (6144K)
 Metaspace       used 59483K, committed 60160K, reserved 1114112K
  class space    used 7263K, committed 7552K, reserved 1048576K
}
Event: 16.628 GC heap after
{Heap after GC invocations=17 (full 0):
 garbage-first heap   total 86016K, used 24888K [0x0000000709c00000, 0x0000000800000000)
  region size 2048K, 3 young (6144K), 3 survivors (6144K)
 Metaspace       used 59483K, committed 60160K, reserved 1114112K
  class space    used 7263K, committed 7552K, reserved 1048576K
}
Event: 56.036 GC heap before
{Heap before GC invocations=18 (full 0):
 garbage-first heap   total 86016K, used 53560K [0x0000000709c00000, 0x0000000800000000)
  region size 2048K, 19 young (38912K), 3 survivors (6144K)
 Metaspace       used 61920K, committed 62720K, reserved 1114112K
  class space    used 7618K, committed 8000K, reserved 1048576K
}
Event: 56.070 GC heap after
{Heap after GC invocations=19 (full 1):
 garbage-first heap   total 81920K, used 21103K [0x0000000709c00000, 0x0000000800000000)
  region size 2048K, 0 young (0K), 0 survivors (0K)
 Metaspace       used 61870K, committed 62720K, reserved 1114112K
  class space    used 7610K, committed 8000K, reserved 1048576K
}
Event: 56.571 GC heap before
{Heap before GC invocations=19 (full 1):
 garbage-first heap   total 81920K, used 68207K [0x0000000709c00000, 0x0000000800000000)
  region size 2048K, 24 young (49152K), 0 survivors (0K)
 Metaspace       used 62139K, committed 62976K, reserved 1114112K
  class space    used 7658K, committed 8064K, reserved 1048576K
}
Event: 56.573 GC heap after
{Heap after GC invocations=20 (full 1):
 garbage-first heap   total 81920K, used 25124K [0x0000000709c00000, 0x0000000800000000)
  region size 2048K, 2 young (4096K), 2 survivors (4096K)
 Metaspace       used 62139K, committed 62976K, reserved 1114112K
  class space    used 7658K, committed 8064K, reserved 1048576K
}
Event: 56.700 GC heap before
{Heap before GC invocations=20 (full 1):
 garbage-first heap   total 81920K, used 70180K [0x0000000709c00000, 0x0000000800000000)
  region size 2048K, 24 young (49152K), 2 survivors (4096K)
 Metaspace       used 62435K, committed 63232K, reserved 1114112K
  class space    used 7678K, committed 8064K, reserved 1048576K
}
Event: 56.702 GC heap after
{Heap after GC invocations=21 (full 1):
 garbage-first heap   total 81920K, used 25598K [0x0000000709c00000, 0x0000000800000000)
  region size 2048K, 1 young (2048K), 1 survivors (2048K)
 Metaspace       used 62435K, committed 63232K, reserved 1114112K
  class space    used 7678K, committed 8064K, reserved 1048576K
}
Event: 152.579 GC heap before
{Heap before GC invocations=21 (full 1):
 garbage-first heap   total 81920K, used 58366K [0x0000000709c00000, 0x0000000800000000)
  region size 2048K, 18 young (36864K), 1 survivors (2048K)
 Metaspace       used 62621K, committed 63488K, reserved 1114112K
  class space    used 7702K, committed 8128K, reserved 1048576K
}
Event: 152.615 GC heap after
{Heap after GC invocations=22 (full 2):
 garbage-first heap   total 81920K, used 21094K [0x0000000709c00000, 0x0000000800000000)
  region size 2048K, 0 young (0K), 0 survivors (0K)
 Metaspace       used 62515K, committed 63488K, reserved 1114112K
  class space    used 7681K, committed 8128K, reserved 1048576K
}
Event: 153.132 GC heap before
{Heap before GC invocations=22 (full 2):
 garbage-first heap   total 81920K, used 68198K [0x0000000709c00000, 0x0000000800000000)
  region size 2048K, 24 young (49152K), 0 survivors (0K)
 Metaspace       used 62788K, committed 63616K, reserved 1114112K
  class space    used 7735K, committed 8128K, reserved 1048576K
}
Event: 153.134 GC heap after
{Heap after GC invocations=23 (full 2):
 garbage-first heap   total 81920K, used 24867K [0x0000000709c00000, 0x0000000800000000)
  region size 2048K, 2 young (4096K), 2 survivors (4096K)
 Metaspace       used 62788K, committed 63616K, reserved 1114112K
  class space    used 7735K, committed 8128K, reserved 1048576K
}
Event: 153.254 GC heap before
{Heap before GC invocations=23 (full 2):
 garbage-first heap   total 81920K, used 67875K [0x0000000709c00000, 0x0000000800000000)
  region size 2048K, 24 young (49152K), 2 survivors (4096K)
 Metaspace       used 63069K, committed 63872K, reserved 1114112K
  class space    used 7755K, committed 8128K, reserved 1048576K
}
Event: 153.257 GC heap after
{Heap after GC invocations=24 (full 2):
 garbage-first heap   total 81920K, used 25546K [0x0000000709c00000, 0x0000000800000000)
  region size 2048K, 1 young (2048K), 1 survivors (2048K)
 Metaspace       used 63069K, committed 63872K, reserved 1114112K
  class space    used 7755K, committed 8128K, reserved 1048576K
}
Event: 210.148 GC heap before
{Heap before GC invocations=24 (full 2):
 garbage-first heap   total 81920K, used 58314K [0x0000000709c00000, 0x0000000800000000)
  region size 2048K, 18 young (36864K), 1 survivors (2048K)
 Metaspace       used 63202K, committed 64000K, reserved 1114112K
  class space    used 7763K, committed 8128K, reserved 1048576K
}
Event: 210.184 GC heap after
{Heap after GC invocations=25 (full 3):
 garbage-first heap   total 81920K, used 21023K [0x0000000709c00000, 0x0000000800000000)
  region size 2048K, 0 young (0K), 0 survivors (0K)
 Metaspace       used 62779K, committed 64000K, reserved 1114112K
  class space    used 7659K, committed 8128K, reserved 1048576K
}
Event: 211.938 GC heap before
{Heap before GC invocations=25 (full 3):
 garbage-first heap   total 81920K, used 68127K [0x0000000709c00000, 0x0000000800000000)
  region size 2048K, 24 young (49152K), 0 survivors (0K)
 Metaspace       used 63039K, committed 64000K, reserved 1114112K
  class space    used 7709K, committed 8128K, reserved 1048576K
}
Event: 211.941 GC heap after
{Heap after GC invocations=26 (full 3):
 garbage-first heap   total 81920K, used 24900K [0x0000000709c00000, 0x0000000800000000)
  region size 2048K, 2 young (4096K), 2 survivors (4096K)
 Metaspace       used 63039K, committed 64000K, reserved 1114112K
  class space    used 7709K, committed 8128K, reserved 1048576K
}
Event: 264.173 GC heap before
{Heap before GC invocations=26 (full 3):
 garbage-first heap   total 81920K, used 69956K [0x0000000709c00000, 0x0000000800000000)
  region size 2048K, 24 young (49152K), 2 survivors (4096K)
 Metaspace       used 63303K, committed 64192K, reserved 1114112K
  class space    used 7727K, committed 8128K, reserved 1048576K
}

