# JRE version: OpenJDK Runtime Environment Temurin-21.0.3+9 (21.0.3+9) (build 21.0.3+9-LTS)
# Java VM: OpenJDK 64-Bit Server VM Temurin-21.0.3+9 (21.0.3+9-LTS, mixed mode, emulated-client, tiered, compressed oops, compressed class ptrs, g1 gc, windows-amd64)
GC Precious Log:
 CardTable entry size: 512
 Card Set container configuration: InlinePtr #cards 4 size 8 Array Of Cards #cards 16 size 48 Howl #buckets 8 coarsen threshold 3686 Howl Bitmap #cards 512 size 80 coarsen threshold 460 Card regions per heap region 1 cards per card region 4096
 CPUs: 12 total, 12 available
 Memory: 15755M
 Large Page Support: Disabled
 NUMA Support: Disabled
 Compressed Oops: Enabled (Zero based)
 Heap Region Size: 2M
 Heap Min Capacity: 8M
 Heap Initial Capacity: 248M
 Heap Max Capacity: 3940M
 Pre-touch: Disabled
 Parallel Workers: 10
 Concurrent Workers: 3
 Concurrent Refinement Workers: 10
 Periodic GC: Disabled
Heap:
 garbage-first heap   total 114688K, used 85135K [0x0000000709c00000, 0x0000000800000000)
  region size 2048K, 32 young (65536K), 3 survivors (6144K)
 Metaspace       used 67867K, committed 68672K, reserved 1114112K
  class space    used 8247K, committed 8640K, reserved 1048576K
GC Heap History (20 events):
Event: 19289.234 GC heap after
{Heap after GC invocations=121 (full 11):
 garbage-first heap   total 75776K, used 24403K [0x0000000709c00000, 0x0000000800000000)
  region size 2048K, 1 young (2048K), 1 survivors (2048K)
 Metaspace       used 66170K, committed 68608K, reserved 1114112K
  class space    used 8089K, committed 8640K, reserved 1048576K
}
Event: 19303.460 GC heap before
{Heap before GC invocations=121 (full 11):
 garbage-first heap   total 75776K, used 63315K [0x0000000709c00000, 0x0000000800000000)
  region size 2048K, 20 young (40960K), 1 survivors (2048K)
 Metaspace       used 66906K, committed 68608K, reserved 1114112K
  class space    used 8156K, committed 8640K, reserved 1048576K
}
Event: 19303.463 GC heap after
{Heap after GC invocations=122 (full 11):
 garbage-first heap   total 75776K, used 27772K [0x0000000709c00000, 0x0000000800000000)
  region size 2048K, 3 young (6144K), 3 survivors (6144K)
 Metaspace       used 66906K, committed 68608K, reserved 1114112K
  class space    used 8156K, committed 8640K, reserved 1048576K
}
Event: 19320.769 GC heap before
{Heap before GC invocations=123 (full 11):
 garbage-first heap   total 75776K, used 29820K [0x0000000709c00000, 0x0000000800000000)
  region size 2048K, 5 young (10240K), 3 survivors (6144K)
 Metaspace       used 65893K, committed 68608K, reserved 1114112K
  class space    used 8050K, committed 8640K, reserved 1048576K
}
Event: 19320.813 GC heap after
{Heap after GC invocations=124 (full 12):
 garbage-first heap   total 75776K, used 21107K [0x0000000709c00000, 0x0000000800000000)
  region size 2048K, 0 young (0K), 0 survivors (0K)
 Metaspace       used 65812K, committed 68608K, reserved 1114112K
  class space    used 8037K, committed 8640K, reserved 1048576K
}
Event: 19321.246 GC heap before
{Heap before GC invocations=124 (full 12):
 garbage-first heap   total 75776K, used 66163K [0x0000000709c00000, 0x0000000800000000)
  region size 2048K, 22 young (45056K), 0 survivors (0K)
 Metaspace       used 66141K, committed 68608K, reserved 1114112K
  class space    used 8092K, committed 8640K, reserved 1048576K
}
Event: 19321.248 GC heap after
{Heap after GC invocations=125 (full 12):
 garbage-first heap   total 75776K, used 25019K [0x0000000709c00000, 0x0000000800000000)
  region size 2048K, 2 young (4096K), 2 survivors (4096K)
 Metaspace       used 66141K, committed 68608K, reserved 1114112K
  class space    used 8092K, committed 8640K, reserved 1048576K
}
Event: 19321.316 GC heap before
{Heap before GC invocations=126 (full 12):
 garbage-first heap   total 75776K, used 61883K [0x0000000709c00000, 0x0000000800000000)
  region size 2048K, 21 young (43008K), 2 survivors (4096K)
 Metaspace       used 66170K, committed 68608K, reserved 1114112K
  class space    used 8095K, committed 8640K, reserved 1048576K
}
Event: 19321.318 GC heap after
{Heap after GC invocations=127 (full 12):
 garbage-first heap   total 92160K, used 25634K [0x0000000709c00000, 0x0000000800000000)
  region size 2048K, 1 young (2048K), 1 survivors (2048K)
 Metaspace       used 66170K, committed 68608K, reserved 1114112K
  class space    used 8095K, committed 8640K, reserved 1048576K
}
Event: 19321.533 GC heap before
{Heap before GC invocations=127 (full 12):
 garbage-first heap   total 92160K, used 78882K [0x0000000709c00000, 0x0000000800000000)
  region size 2048K, 27 young (55296K), 1 survivors (2048K)
 Metaspace       used 66824K, committed 68608K, reserved 1114112K
  class space    used 8137K, committed 8640K, reserved 1048576K
}
Event: 19321.536 GC heap after
{Heap after GC invocations=128 (full 12):
 garbage-first heap   total 92160K, used 27085K [0x0000000709c00000, 0x0000000800000000)
  region size 2048K, 1 young (2048K), 1 survivors (2048K)
 Metaspace       used 66824K, committed 68608K, reserved 1114112K
  class space    used 8137K, committed 8640K, reserved 1048576K
}
Event: 19324.076 GC heap before
{Heap before GC invocations=128 (full 12):
 garbage-first heap   total 92160K, used 39373K [0x0000000709c00000, 0x0000000800000000)
  region size 2048K, 8 young (16384K), 1 survivors (2048K)
 Metaspace       used 66828K, committed 68608K, reserved 1114112K
  class space    used 8138K, committed 8640K, reserved 1048576K
}
Event: 19324.111 GC heap after
{Heap after GC invocations=129 (full 13):
 garbage-first heap   total 90112K, used 21756K [0x0000000709c00000, 0x0000000800000000)
  region size 2048K, 0 young (0K), 0 survivors (0K)
 Metaspace       used 66743K, committed 68608K, reserved 1114112K
  class space    used 8125K, committed 8640K, reserved 1048576K
}
Event: 19324.629 GC heap before
{Heap before GC invocations=129 (full 13):
 garbage-first heap   total 90112K, used 75004K [0x0000000709c00000, 0x0000000800000000)
  region size 2048K, 26 young (53248K), 0 survivors (0K)
 Metaspace       used 67071K, committed 68608K, reserved 1114112K
  class space    used 8178K, committed 8640K, reserved 1048576K
}
Event: 19324.632 GC heap after
{Heap after GC invocations=130 (full 13):
 garbage-first heap   total 90112K, used 25809K [0x0000000709c00000, 0x0000000800000000)
  region size 2048K, 2 young (4096K), 2 survivors (4096K)
 Metaspace       used 67071K, committed 68608K, reserved 1114112K
  class space    used 8178K, committed 8640K, reserved 1048576K
}
Event: 19324.711 GC heap before
{Heap before GC invocations=131 (full 13):
 garbage-first heap   total 90112K, used 72913K [0x0000000709c00000, 0x0000000800000000)
  region size 2048K, 26 young (53248K), 2 survivors (4096K)
 Metaspace       used 67123K, committed 68608K, reserved 1114112K
  class space    used 8184K, committed 8640K, reserved 1048576K
}
Event: 19324.714 GC heap after
{Heap after GC invocations=132 (full 13):
 garbage-first heap   total 90112K, used 25852K [0x0000000709c00000, 0x0000000800000000)
  region size 2048K, 2 young (4096K), 2 survivors (4096K)
 Metaspace       used 67123K, committed 68608K, reserved 1114112K
  class space    used 8184K, committed 8640K, reserved 1048576K
}
Event: 19326.089 GC heap before
{Heap before GC invocations=132 (full 13):
 garbage-first heap   total 90112K, used 75004K [0x0000000709c00000, 0x0000000800000000)
  region size 2048K, 26 young (53248K), 2 survivors (4096K)
 Metaspace       used 67765K, committed 68672K, reserved 1114112K
  class space    used 8224K, committed 8640K, reserved 1048576K
}
Event: 19326.093 GC heap after
{Heap after GC invocations=133 (full 13):
 garbage-first heap   total 114688K, used 26983K [0x0000000709c00000, 0x0000000800000000)
  region size 2048K, 3 young (6144K), 3 survivors (6144K)
 Metaspace       used 67765K, committed 68672K, reserved 1114112K
  class space    used 8224K, committed 8640K, reserved 1048576K
}
Event: 19697.070 GC heap before
{Heap before GC invocations=133 (full 13):
 garbage-first heap   total 114688K, used 84327K [0x0000000709c00000, 0x0000000800000000)
  region size 2048K, 32 young (65536K), 3 survivors (6144K)
 Metaspace       used 67867K, committed 68672K, reserved 1114112K
  class space    used 8247K, committed 8640K, reserved 1048576K
}

