# JRE version: OpenJDK Runtime Environment Temurin-21.0.3+9 (21.0.3+9) (build 21.0.3+9-LTS)
# Java VM: OpenJDK 64-Bit Server VM Temurin-21.0.3+9 (21.0.3+9-LTS, mixed mode, emulated-client, tiered, compressed oops, compressed class ptrs, g1 gc, windows-amd64)
GC Precious Log:
 CardTable entry size: 512
 Card Set container configuration: InlinePtr #cards 4 size 8 Array Of Cards #cards 16 size 48 Howl #buckets 8 coarsen threshold 3686 Howl Bitmap #cards 512 size 80 coarsen threshold 460 Card regions per heap region 1 cards per card region 4096
 CPUs: 12 total, 12 available
 Memory: 15755M
 Large Page Support: Disabled
 NUMA Support: Disabled
 Compressed Oops: Enabled (Zero based)
 Heap Region Size: 2M
 Heap Min Capacity: 8M
 Heap Initial Capacity: 248M
 Heap Max Capacity: 3940M
 Pre-touch: Disabled
 Parallel Workers: 10
 Concurrent Workers: 3
 Concurrent Refinement Workers: 10
 Periodic GC: Disabled
Heap:
 garbage-first heap   total 81920K, used 70405K [0x0000000709c00000, 0x0000000800000000)
  region size 2048K, 23 young (47104K), 1 survivors (2048K)
 Metaspace       used 64575K, committed 65280K, reserved 1114112K
  class space    used 7866K, committed 8192K, reserved 1048576K
GC Heap History (20 events):
Event: 310.334 GC heap after
{Heap after GC invocations=22 (full 1):
 garbage-first heap   total 81920K, used 27827K [0x0000000709c00000, 0x0000000800000000)
  region size 2048K, 2 young (4096K), 2 survivors (4096K)
 Metaspace       used 63584K, committed 64448K, reserved 1114112K
  class space    used 7790K, committed 8192K, reserved 1048576K
}
Event: 512.177 GC heap before
{Heap before GC invocations=22 (full 1):
 garbage-first heap   total 81920K, used 50355K [0x0000000709c00000, 0x0000000800000000)
  region size 2048K, 14 young (28672K), 2 survivors (4096K)
 Metaspace       used 63623K, committed 64512K, reserved 1114112K
  class space    used 7791K, committed 8192K, reserved 1048576K
}
Event: 512.207 GC heap after
{Heap after GC invocations=23 (full 2):
 garbage-first heap   total 69632K, used 18022K [0x0000000709c00000, 0x0000000800000000)
  region size 2048K, 0 young (0K), 0 survivors (0K)
 Metaspace       used 63110K, committed 64512K, reserved 1114112K
  class space    used 7663K, committed 8192K, reserved 1048576K
}
Event: 514.307 GC heap before
{Heap before GC invocations=23 (full 2):
 garbage-first heap   total 69632K, used 58982K [0x0000000709c00000, 0x0000000800000000)
  region size 2048K, 20 young (40960K), 0 survivors (0K)
 Metaspace       used 63447K, committed 64512K, reserved 1114112K
  class space    used 7735K, committed 8192K, reserved 1048576K
}
Event: 514.311 GC heap after
{Heap after GC invocations=24 (full 2):
 garbage-first heap   total 69632K, used 22622K [0x0000000709c00000, 0x0000000800000000)
  region size 2048K, 3 young (6144K), 3 survivors (6144K)
 Metaspace       used 63447K, committed 64512K, reserved 1114112K
  class space    used 7735K, committed 8192K, reserved 1048576K
}
Event: 514.396 GC heap before
{Heap before GC invocations=24 (full 2):
 garbage-first heap   total 69632K, used 51294K [0x0000000709c00000, 0x0000000800000000)
  region size 2048K, 18 young (36864K), 3 survivors (6144K)
 Metaspace       used 63494K, committed 64512K, reserved 1114112K
  class space    used 7743K, committed 8192K, reserved 1048576K
}
Event: 514.399 GC heap after
{Heap after GC invocations=25 (full 2):
 garbage-first heap   total 69632K, used 23172K [0x0000000709c00000, 0x0000000800000000)
  region size 2048K, 1 young (2048K), 1 survivors (2048K)
 Metaspace       used 63494K, committed 64512K, reserved 1114112K
  class space    used 7743K, committed 8192K, reserved 1048576K
}
Event: 514.534 GC heap before
{Heap before GC invocations=25 (full 2):
 garbage-first heap   total 69632K, used 55940K [0x0000000709c00000, 0x0000000800000000)
  region size 2048K, 17 young (34816K), 1 survivors (2048K)
 Metaspace       used 63919K, committed 64704K, reserved 1114112K
  class space    used 7778K, committed 8192K, reserved 1048576K
}
Event: 514.536 GC heap after
{Heap after GC invocations=26 (full 2):
 garbage-first heap   total 83968K, used 24325K [0x0000000709c00000, 0x0000000800000000)
  region size 2048K, 2 young (4096K), 2 survivors (4096K)
 Metaspace       used 63919K, committed 64704K, reserved 1114112K
  class space    used 7778K, committed 8192K, reserved 1048576K
}
Event: 554.011 GC heap before
{Heap before GC invocations=26 (full 2):
 garbage-first heap   total 83968K, used 48901K [0x0000000709c00000, 0x0000000800000000)
  region size 2048K, 15 young (30720K), 2 survivors (4096K)
 Metaspace       used 64085K, committed 64896K, reserved 1114112K
  class space    used 7809K, committed 8192K, reserved 1048576K
}
Event: 554.047 GC heap after
{Heap after GC invocations=27 (full 3):
 garbage-first heap   total 83968K, used 20981K [0x0000000709c00000, 0x0000000800000000)
  region size 2048K, 0 young (0K), 0 survivors (0K)
 Metaspace       used 63308K, committed 64768K, reserved 1114112K
  class space    used 7716K, committed 8192K, reserved 1048576K
}
Event: 555.533 GC heap before
{Heap before GC invocations=27 (full 3):
 garbage-first heap   total 83968K, used 66037K [0x0000000709c00000, 0x0000000800000000)
  region size 2048K, 23 young (47104K), 0 survivors (0K)
 Metaspace       used 63570K, committed 64768K, reserved 1114112K
  class space    used 7762K, committed 8192K, reserved 1048576K
}
Event: 555.535 GC heap after
{Heap after GC invocations=28 (full 3):
 garbage-first heap   total 83968K, used 24783K [0x0000000709c00000, 0x0000000800000000)
  region size 2048K, 2 young (4096K), 2 survivors (4096K)
 Metaspace       used 63570K, committed 64768K, reserved 1114112K
  class space    used 7762K, committed 8192K, reserved 1048576K
}
Event: 555.626 GC heap before
{Heap before GC invocations=28 (full 3):
 garbage-first heap   total 83968K, used 65743K [0x0000000709c00000, 0x0000000800000000)
  region size 2048K, 23 young (47104K), 2 survivors (4096K)
 Metaspace       used 63702K, committed 64768K, reserved 1114112K
  class space    used 7772K, committed 8192K, reserved 1048576K
}
Event: 555.629 GC heap after
{Heap after GC invocations=29 (full 3):
 garbage-first heap   total 83968K, used 25324K [0x0000000709c00000, 0x0000000800000000)
  region size 2048K, 1 young (2048K), 1 survivors (2048K)
 Metaspace       used 63702K, committed 64768K, reserved 1114112K
  class space    used 7772K, committed 8192K, reserved 1048576K
}
Event: 652.402 GC heap before
{Heap before GC invocations=29 (full 3):
 garbage-first heap   total 83968K, used 64236K [0x0000000709c00000, 0x0000000800000000)
  region size 2048K, 21 young (43008K), 1 survivors (2048K)
 Metaspace       used 63994K, committed 64768K, reserved 1114112K
  class space    used 7793K, committed 8192K, reserved 1048576K
}
Event: 652.434 GC heap after
{Heap after GC invocations=30 (full 4):
 garbage-first heap   total 81920K, used 21507K [0x0000000709c00000, 0x0000000800000000)
  region size 2048K, 0 young (0K), 0 survivors (0K)
 Metaspace       used 63940K, committed 64768K, reserved 1114112K
  class space    used 7784K, committed 8192K, reserved 1048576K
}
Event: 652.868 GC heap before
{Heap before GC invocations=30 (full 4):
 garbage-first heap   total 81920K, used 68611K [0x0000000709c00000, 0x0000000800000000)
  region size 2048K, 24 young (49152K), 0 survivors (0K)
 Metaspace       used 64208K, committed 64960K, reserved 1114112K
  class space    used 7842K, committed 8192K, reserved 1048576K
}
Event: 652.870 GC heap after
{Heap after GC invocations=31 (full 4):
 garbage-first heap   total 81920K, used 25349K [0x0000000709c00000, 0x0000000800000000)
  region size 2048K, 2 young (4096K), 2 survivors (4096K)
 Metaspace       used 64208K, committed 64960K, reserved 1114112K
  class space    used 7842K, committed 8192K, reserved 1048576K
}
Event: 731.635 GC heap before
{Heap before GC invocations=31 (full 4):
 garbage-first heap   total 81920K, used 70405K [0x0000000709c00000, 0x0000000800000000)
  region size 2048K, 24 young (49152K), 2 survivors (4096K)
 Metaspace       used 64575K, committed 65280K, reserved 1114112K
  class space    used 7866K, committed 8192K, reserved 1048576K
}

